SF:lib\features\number_trivia\data\models\number_trivia_model.dart
DA:5,2
DA:8,2
DA:10,1
DA:11,1
DA:12,1
DA:13,2
DA:17,1
DA:18,1
DA:19,1
DA:20,1
LF:10
LH:10
end_of_record
SF:lib\features\number_trivia\domain\entities\number_trivia.dart
DA:8,4
DA:13,1
DA:14,3
LF:3
LH:3
end_of_record
SF:lib\core\error\failure.dart
DA:4,2
DA:9,1
DA:10,1
DA:14,1
DA:15,1
LF:5
LH:5
end_of_record
SF:lib\features\number_trivia\data\repositories\number_trivia_repository_impl.dart
DA:17,1
DA:24,1
DA:26,3
DA:27,2
DA:32,1
DA:33,3
DA:34,2
DA:38,1
DA:40,3
DA:42,2
DA:43,2
DA:44,1
DA:45,1
DA:46,2
DA:50,3
DA:51,1
DA:52,1
DA:53,2
LF:18
LH:18
end_of_record
SF:lib\features\number_trivia\domain\usecases\get_concrete_number_trivia.dart
DA:13,1
DA:16,1
DA:17,4
DA:23,1
DA:25,0
DA:26,0
LF:6
LH:4
end_of_record
SF:lib\core\usecases\usecase.dart
DA:12,0
DA:13,0
LF:2
LH:0
end_of_record
SF:lib\features\number_trivia\domain\usecases\get_random_number_trivia.dart
DA:11,1
DA:14,1
DA:15,3
LF:3
LH:3
end_of_record
